<?xml version="1.0" encoding="UTF-8"?>
<!-- Generated by org.testng.reporters.JUnitReportReporter -->
<testsuite hostname="amr016-HP-ProBook-430-G1" failures="0" tests="2" name="Test.day1" time="0.009" errors="0" timestamp="2021-08-10T11:01:42 IST" skipped="0">
  <testcase classname="Test.day1" name="demo2" time="0.001"/>
  <system-out/>
  <testcase classname="Test.day1" name="demo1" time="0.008"/>
  <system-out/>
</testsuite> <!-- Test.day1 -->
