<?xml version="1.0" encoding="UTF-8"?>
<!-- Generated by org.testng.reporters.JUnitReportReporter -->
<testsuite hostname="amr016-HP-ProBook-430-G1" failures="0" tests="3" name="annotationexample.annotation2" time="0.005" errors="0" timestamp="2021-08-10T11:01:42 IST" skipped="0">
  <testcase classname="annotationexample.annotation2" name="ann23" time="0.002"/>
  <system-out/>
  <testcase classname="annotationexample.annotation2" name="ann21" time="0.002"/>
  <system-out/>
  <testcase classname="annotationexample.annotation2" name="ann22" time="0.001"/>
  <system-out/>
</testsuite> <!-- annotationexample.annotation2 -->
