<?xml version="1.0" encoding="UTF-8"?>
<!-- Generated by org.testng.reporters.JUnitReportReporter -->
<testsuite hostname="amr016-HP-ProBook-430-G1" failures="0" tests="3" name="Test.day2" time="0.007" errors="0" timestamp="2021-08-10T11:01:42 IST" skipped="0">
  <testcase classname="Test.day2" name="test2" time="0.002"/>
  <system-out/>
  <testcase classname="Test.day2" name="test1" time="0.003"/>
  <system-out/>
  <testcase classname="Test.day2" name="test3" time="0.002"/>
  <system-out/>
</testsuite> <!-- Test.day2 -->
