<?xml version="1.0" encoding="UTF-8"?>
<!-- Generated by org.testng.reporters.JUnitReportReporter -->
<testsuite hostname="amr016-HP-ProBook-430-G1" failures="0" tests="3" name="Package1.class2" time="0.006" errors="0" timestamp="2021-08-10T12:13:37 IST" skipped="0">
  <testcase classname="Package1.class2" name="method3" time="0.002"/>
  <system-out/>
  <testcase classname="Package1.class2" name="method1" time="0.002"/>
  <system-out/>
  <testcase classname="Package1.class2" name="method2" time="0.002"/>
  <system-out/>
</testsuite> <!-- Package1.class2 -->
