<?xml version="1.0" encoding="UTF-8"?>
<!-- Generated by org.testng.reporters.JUnitReportReporter -->
<testsuite hostname="amr016-HP-ProBook-430-G1" failures="0" tests="3" name="annotationexample.annotation1" time="0.005" errors="0" timestamp="2021-08-10T11:01:42 IST" skipped="0">
  <testcase classname="annotationexample.annotation1" name="ann11" time="0.001"/>
  <system-out/>
  <testcase classname="annotationexample.annotation1" name="ann13" time="0.002"/>
  <system-out/>
  <testcase classname="annotationexample.annotation1" name="ann12" time="0.002"/>
  <system-out/>
</testsuite> <!-- annotationexample.annotation1 -->
